[2022-08-06 16:30:27,445] {taskinstance.py:1159} INFO - Dependencies all met for <TaskInstance: first_sample_dag.print_hello_world scheduled__2022-07-04T00:00:00+00:00 [queued]>
[2022-08-06 16:30:27,463] {taskinstance.py:1159} INFO - Dependencies all met for <TaskInstance: first_sample_dag.print_hello_world scheduled__2022-07-04T00:00:00+00:00 [queued]>
[2022-08-06 16:30:27,463] {taskinstance.py:1356} INFO - 
--------------------------------------------------------------------------------
[2022-08-06 16:30:27,463] {taskinstance.py:1357} INFO - Starting attempt 1 of 1
[2022-08-06 16:30:27,463] {taskinstance.py:1358} INFO - 
--------------------------------------------------------------------------------
[2022-08-06 16:30:27,487] {taskinstance.py:1377} INFO - Executing <Task(BashOperator): print_hello_world> on 2022-07-04 00:00:00+00:00
[2022-08-06 16:30:27,492] {standard_task_runner.py:52} INFO - Started process 322 to run task
[2022-08-06 16:30:27,496] {standard_task_runner.py:79} INFO - Running: ['***', 'tasks', 'run', 'first_sample_dag', 'print_hello_world', 'scheduled__2022-07-04T00:00:00+00:00', '--job-id', '39', '--raw', '--subdir', 'DAGS_FOLDER/sample_dag.py', '--cfg-path', '/tmp/tmpr59selmj', '--error-file', '/tmp/tmpf6lol5pd']
[2022-08-06 16:30:27,497] {standard_task_runner.py:80} INFO - Job 39: Subtask print_hello_world
[2022-08-06 16:30:27,578] {task_command.py:369} INFO - Running <TaskInstance: first_sample_dag.print_hello_world scheduled__2022-07-04T00:00:00+00:00 [running]> on host ea9e01c3b28c
[2022-08-06 16:30:27,678] {taskinstance.py:1571} INFO - Exporting the following env vars:
AIRFLOW_CTX_DAG_OWNER=***
AIRFLOW_CTX_DAG_ID=first_sample_dag
AIRFLOW_CTX_TASK_ID=print_hello_world
AIRFLOW_CTX_EXECUTION_DATE=2022-07-04T00:00:00+00:00
AIRFLOW_CTX_TRY_NUMBER=1
AIRFLOW_CTX_DAG_RUN_ID=scheduled__2022-07-04T00:00:00+00:00
[2022-08-06 16:30:27,679] {subprocess.py:62} INFO - Tmp dir root location: 
 /tmp
[2022-08-06 16:30:27,679] {subprocess.py:74} INFO - Running command: ['bash', '-c', 'echo "HelloWorld!"']
[2022-08-06 16:30:27,689] {subprocess.py:85} INFO - Output:
[2022-08-06 16:30:27,690] {subprocess.py:92} INFO - HelloWorld!
[2022-08-06 16:30:27,690] {subprocess.py:96} INFO - Command exited with return code 0
[2022-08-06 16:30:27,726] {taskinstance.py:1400} INFO - Marking task as SUCCESS. dag_id=first_sample_dag, task_id=print_hello_world, execution_date=20220704T000000, start_date=20220806T163027, end_date=20220806T163027
[2022-08-06 16:30:27,748] {local_task_job.py:156} INFO - Task exited with return code 0
[2022-08-06 16:30:27,790] {local_task_job.py:273} INFO - 1 downstream tasks scheduled from follow-on schedule check
