[2022-08-06 16:30:34,244] {taskinstance.py:1159} INFO - Dependencies all met for <TaskInstance: first_sample_dag.print_hello_world scheduled__2022-07-10T00:00:00+00:00 [queued]>
[2022-08-06 16:30:34,374] {taskinstance.py:1159} INFO - Dependencies all met for <TaskInstance: first_sample_dag.print_hello_world scheduled__2022-07-10T00:00:00+00:00 [queued]>
[2022-08-06 16:30:34,374] {taskinstance.py:1356} INFO - 
--------------------------------------------------------------------------------
[2022-08-06 16:30:34,374] {taskinstance.py:1357} INFO - Starting attempt 1 of 1
[2022-08-06 16:30:34,374] {taskinstance.py:1358} INFO - 
--------------------------------------------------------------------------------
[2022-08-06 16:30:34,548] {taskinstance.py:1377} INFO - Executing <Task(BashOperator): print_hello_world> on 2022-07-10 00:00:00+00:00
[2022-08-06 16:30:34,578] {standard_task_runner.py:52} INFO - Started process 338 to run task
[2022-08-06 16:30:34,644] {standard_task_runner.py:79} INFO - Running: ['***', 'tasks', 'run', 'first_sample_dag', 'print_hello_world', 'scheduled__2022-07-10T00:00:00+00:00', '--job-id', '45', '--raw', '--subdir', 'DAGS_FOLDER/sample_dag.py', '--cfg-path', '/tmp/tmpe40xsm81', '--error-file', '/tmp/tmpysoz48xr']
[2022-08-06 16:30:34,651] {standard_task_runner.py:80} INFO - Job 45: Subtask print_hello_world
[2022-08-06 16:30:35,037] {task_command.py:369} INFO - Running <TaskInstance: first_sample_dag.print_hello_world scheduled__2022-07-10T00:00:00+00:00 [running]> on host ea9e01c3b28c
[2022-08-06 16:30:35,864] {taskinstance.py:1571} INFO - Exporting the following env vars:
AIRFLOW_CTX_DAG_OWNER=***
AIRFLOW_CTX_DAG_ID=first_sample_dag
AIRFLOW_CTX_TASK_ID=print_hello_world
AIRFLOW_CTX_EXECUTION_DATE=2022-07-10T00:00:00+00:00
AIRFLOW_CTX_TRY_NUMBER=1
AIRFLOW_CTX_DAG_RUN_ID=scheduled__2022-07-10T00:00:00+00:00
[2022-08-06 16:30:35,866] {subprocess.py:62} INFO - Tmp dir root location: 
 /tmp
[2022-08-06 16:30:35,874] {subprocess.py:74} INFO - Running command: ['bash', '-c', 'echo "HelloWorld!"']
[2022-08-06 16:30:35,912] {subprocess.py:85} INFO - Output:
[2022-08-06 16:30:35,925] {subprocess.py:92} INFO - HelloWorld!
[2022-08-06 16:30:35,926] {subprocess.py:96} INFO - Command exited with return code 0
[2022-08-06 16:30:36,068] {taskinstance.py:1400} INFO - Marking task as SUCCESS. dag_id=first_sample_dag, task_id=print_hello_world, execution_date=20220710T000000, start_date=20220806T163034, end_date=20220806T163036
[2022-08-06 16:30:36,156] {local_task_job.py:156} INFO - Task exited with return code 0
[2022-08-06 16:30:36,353] {local_task_job.py:273} INFO - 1 downstream tasks scheduled from follow-on schedule check
