[2022-08-06 16:30:26,195] {taskinstance.py:1159} INFO - Dependencies all met for <TaskInstance: first_sample_dag.print_hello_world scheduled__2022-07-03T00:00:00+00:00 [queued]>
[2022-08-06 16:30:26,209] {taskinstance.py:1159} INFO - Dependencies all met for <TaskInstance: first_sample_dag.print_hello_world scheduled__2022-07-03T00:00:00+00:00 [queued]>
[2022-08-06 16:30:26,209] {taskinstance.py:1356} INFO - 
--------------------------------------------------------------------------------
[2022-08-06 16:30:26,209] {taskinstance.py:1357} INFO - Starting attempt 1 of 1
[2022-08-06 16:30:26,209] {taskinstance.py:1358} INFO - 
--------------------------------------------------------------------------------
[2022-08-06 16:30:26,232] {taskinstance.py:1377} INFO - Executing <Task(BashOperator): print_hello_world> on 2022-07-03 00:00:00+00:00
[2022-08-06 16:30:26,238] {standard_task_runner.py:52} INFO - Started process 317 to run task
[2022-08-06 16:30:26,241] {standard_task_runner.py:79} INFO - Running: ['***', 'tasks', 'run', 'first_sample_dag', 'print_hello_world', 'scheduled__2022-07-03T00:00:00+00:00', '--job-id', '38', '--raw', '--subdir', 'DAGS_FOLDER/sample_dag.py', '--cfg-path', '/tmp/tmp4yti52ga', '--error-file', '/tmp/tmphah5l03y']
[2022-08-06 16:30:26,242] {standard_task_runner.py:80} INFO - Job 38: Subtask print_hello_world
[2022-08-06 16:30:26,298] {task_command.py:369} INFO - Running <TaskInstance: first_sample_dag.print_hello_world scheduled__2022-07-03T00:00:00+00:00 [running]> on host ea9e01c3b28c
[2022-08-06 16:30:26,381] {taskinstance.py:1571} INFO - Exporting the following env vars:
AIRFLOW_CTX_DAG_OWNER=***
AIRFLOW_CTX_DAG_ID=first_sample_dag
AIRFLOW_CTX_TASK_ID=print_hello_world
AIRFLOW_CTX_EXECUTION_DATE=2022-07-03T00:00:00+00:00
AIRFLOW_CTX_TRY_NUMBER=1
AIRFLOW_CTX_DAG_RUN_ID=scheduled__2022-07-03T00:00:00+00:00
[2022-08-06 16:30:26,382] {subprocess.py:62} INFO - Tmp dir root location: 
 /tmp
[2022-08-06 16:30:26,383] {subprocess.py:74} INFO - Running command: ['bash', '-c', 'echo "HelloWorld!"']
[2022-08-06 16:30:26,391] {subprocess.py:85} INFO - Output:
[2022-08-06 16:30:26,393] {subprocess.py:92} INFO - HelloWorld!
[2022-08-06 16:30:26,394] {subprocess.py:96} INFO - Command exited with return code 0
[2022-08-06 16:30:26,429] {taskinstance.py:1400} INFO - Marking task as SUCCESS. dag_id=first_sample_dag, task_id=print_hello_world, execution_date=20220703T000000, start_date=20220806T163026, end_date=20220806T163026
[2022-08-06 16:30:26,492] {local_task_job.py:156} INFO - Task exited with return code 0
[2022-08-06 16:30:26,530] {local_task_job.py:273} INFO - 1 downstream tasks scheduled from follow-on schedule check
