[2022-08-06 16:26:53,761] {taskinstance.py:1159} INFO - Dependencies all met for <TaskInstance: first_sample_dag.print_hello_world scheduled__2022-06-06T00:00:00+00:00 [queued]>
[2022-08-06 16:26:53,781] {taskinstance.py:1159} INFO - Dependencies all met for <TaskInstance: first_sample_dag.print_hello_world scheduled__2022-06-06T00:00:00+00:00 [queued]>
[2022-08-06 16:26:53,781] {taskinstance.py:1356} INFO - 
--------------------------------------------------------------------------------
[2022-08-06 16:26:53,781] {taskinstance.py:1357} INFO - Starting attempt 1 of 1
[2022-08-06 16:26:53,781] {taskinstance.py:1358} INFO - 
--------------------------------------------------------------------------------
[2022-08-06 16:26:53,820] {taskinstance.py:1377} INFO - Executing <Task(BashOperator): print_hello_world> on 2022-06-06 00:00:00+00:00
[2022-08-06 16:26:53,825] {standard_task_runner.py:52} INFO - Started process 230 to run task
[2022-08-06 16:26:53,831] {standard_task_runner.py:79} INFO - Running: ['***', 'tasks', 'run', 'first_sample_dag', 'print_hello_world', 'scheduled__2022-06-06T00:00:00+00:00', '--job-id', '11', '--raw', '--subdir', 'DAGS_FOLDER/sample_dag.py', '--cfg-path', '/tmp/tmp01h6vo_a', '--error-file', '/tmp/tmpp91_cbgv']
[2022-08-06 16:26:53,833] {standard_task_runner.py:80} INFO - Job 11: Subtask print_hello_world
[2022-08-06 16:26:53,928] {task_command.py:369} INFO - Running <TaskInstance: first_sample_dag.print_hello_world scheduled__2022-06-06T00:00:00+00:00 [running]> on host ea9e01c3b28c
[2022-08-06 16:26:54,058] {taskinstance.py:1571} INFO - Exporting the following env vars:
AIRFLOW_CTX_DAG_OWNER=***
AIRFLOW_CTX_DAG_ID=first_sample_dag
AIRFLOW_CTX_TASK_ID=print_hello_world
AIRFLOW_CTX_EXECUTION_DATE=2022-06-06T00:00:00+00:00
AIRFLOW_CTX_TRY_NUMBER=1
AIRFLOW_CTX_DAG_RUN_ID=scheduled__2022-06-06T00:00:00+00:00
[2022-08-06 16:26:54,060] {subprocess.py:62} INFO - Tmp dir root location: 
 /tmp
[2022-08-06 16:26:54,061] {subprocess.py:74} INFO - Running command: ['bash', '-c', 'echo "HelloWorld!"']
[2022-08-06 16:26:54,077] {subprocess.py:85} INFO - Output:
[2022-08-06 16:26:54,079] {subprocess.py:92} INFO - HelloWorld!
[2022-08-06 16:26:54,079] {subprocess.py:96} INFO - Command exited with return code 0
[2022-08-06 16:26:54,123] {taskinstance.py:1400} INFO - Marking task as SUCCESS. dag_id=first_sample_dag, task_id=print_hello_world, execution_date=20220606T000000, start_date=20220806T162653, end_date=20220806T162654
[2022-08-06 16:26:54,180] {local_task_job.py:156} INFO - Task exited with return code 0
[2022-08-06 16:26:54,232] {local_task_job.py:273} INFO - 1 downstream tasks scheduled from follow-on schedule check
