[2022-08-06 16:25:51,320] {processor.py:153} INFO - Started process (PID=188) to work on /opt/airflow/dags/sample_dag.py
[2022-08-06 16:25:51,321] {processor.py:641} INFO - Processing file /opt/airflow/dags/sample_dag.py for tasks to queue
[2022-08-06 16:25:51,322] {logging_mixin.py:115} INFO - [2022-08-06 16:25:51,321] {dagbag.py:507} INFO - Filling up the DagBag from /opt/airflow/dags/sample_dag.py
[2022-08-06 16:25:51,349] {processor.py:651} INFO - DAG(s) dict_keys(['first_sample_dag']) retrieved from /opt/airflow/dags/sample_dag.py
[2022-08-06 16:25:51,778] {logging_mixin.py:115} INFO - [2022-08-06 16:25:51,777] {manager.py:508} INFO - Created Permission View: can delete on DAG:first_sample_dag
[2022-08-06 16:25:51,800] {logging_mixin.py:115} INFO - [2022-08-06 16:25:51,800] {manager.py:508} INFO - Created Permission View: can edit on DAG:first_sample_dag
[2022-08-06 16:25:51,818] {logging_mixin.py:115} INFO - [2022-08-06 16:25:51,818] {manager.py:508} INFO - Created Permission View: can read on DAG:first_sample_dag
[2022-08-06 16:25:51,819] {logging_mixin.py:115} INFO - [2022-08-06 16:25:51,818] {dag.py:2371} INFO - Sync 1 DAGs
[2022-08-06 16:25:51,856] {logging_mixin.py:115} INFO - [2022-08-06 16:25:51,856] {dag.py:2390} INFO - Creating ORM DAG for first_sample_dag
[2022-08-06 16:25:51,900] {logging_mixin.py:115} INFO - [2022-08-06 16:25:51,900] {dag.py:2919} INFO - Setting next_dagrun for first_sample_dag to 2022-05-28T00:00:00+00:00, run_after=2022-05-29T00:00:00+00:00
[2022-08-06 16:25:51,936] {processor.py:161} INFO - Processing /opt/airflow/dags/sample_dag.py took 0.619 seconds
[2022-08-06 16:26:22,070] {processor.py:153} INFO - Started process (PID=194) to work on /opt/airflow/dags/sample_dag.py
[2022-08-06 16:26:22,071] {processor.py:641} INFO - Processing file /opt/airflow/dags/sample_dag.py for tasks to queue
[2022-08-06 16:26:22,072] {logging_mixin.py:115} INFO - [2022-08-06 16:26:22,072] {dagbag.py:507} INFO - Filling up the DagBag from /opt/airflow/dags/sample_dag.py
[2022-08-06 16:26:22,100] {processor.py:651} INFO - DAG(s) dict_keys(['first_sample_dag']) retrieved from /opt/airflow/dags/sample_dag.py
[2022-08-06 16:26:22,148] {logging_mixin.py:115} INFO - [2022-08-06 16:26:22,148] {dag.py:2371} INFO - Sync 1 DAGs
[2022-08-06 16:26:22,190] {logging_mixin.py:115} INFO - [2022-08-06 16:26:22,190] {dag.py:2919} INFO - Setting next_dagrun for first_sample_dag to 2022-05-28T00:00:00+00:00, run_after=2022-05-29T00:00:00+00:00
[2022-08-06 16:26:22,218] {processor.py:161} INFO - Processing /opt/airflow/dags/sample_dag.py took 0.158 seconds
[2022-08-06 16:26:52,429] {processor.py:153} INFO - Started process (PID=210) to work on /opt/airflow/dags/sample_dag.py
[2022-08-06 16:26:52,480] {processor.py:641} INFO - Processing file /opt/airflow/dags/sample_dag.py for tasks to queue
[2022-08-06 16:26:52,492] {logging_mixin.py:115} INFO - [2022-08-06 16:26:52,491] {dagbag.py:507} INFO - Filling up the DagBag from /opt/airflow/dags/sample_dag.py
[2022-08-06 16:26:52,622] {processor.py:651} INFO - DAG(s) dict_keys(['first_sample_dag']) retrieved from /opt/airflow/dags/sample_dag.py
[2022-08-06 16:26:52,918] {logging_mixin.py:115} INFO - [2022-08-06 16:26:52,917] {dag.py:2371} INFO - Sync 1 DAGs
[2022-08-06 16:26:53,049] {logging_mixin.py:115} INFO - [2022-08-06 16:26:53,048] {dag.py:2919} INFO - Setting next_dagrun for first_sample_dag to 2022-06-07T00:00:00+00:00, run_after=2022-06-08T00:00:00+00:00
[2022-08-06 16:26:53,079] {processor.py:161} INFO - Processing /opt/airflow/dags/sample_dag.py took 0.696 seconds
[2022-08-06 16:30:25,740] {processor.py:153} INFO - Started process (PID=309) to work on /opt/airflow/dags/sample_dag.py
[2022-08-06 16:30:25,754] {processor.py:641} INFO - Processing file /opt/airflow/dags/sample_dag.py for tasks to queue
[2022-08-06 16:30:25,755] {logging_mixin.py:115} INFO - [2022-08-06 16:30:25,755] {dagbag.py:507} INFO - Filling up the DagBag from /opt/airflow/dags/sample_dag.py
[2022-08-06 16:30:25,792] {processor.py:651} INFO - DAG(s) dict_keys(['first_sample_dag']) retrieved from /opt/airflow/dags/sample_dag.py
[2022-08-06 16:30:25,877] {logging_mixin.py:115} INFO - [2022-08-06 16:30:25,877] {dag.py:2371} INFO - Sync 1 DAGs
[2022-08-06 16:30:25,927] {logging_mixin.py:115} INFO - [2022-08-06 16:30:25,927] {dag.py:2919} INFO - Setting next_dagrun for first_sample_dag to 2022-07-04T00:00:00+00:00, run_after=2022-07-05T00:00:00+00:00
[2022-08-06 16:30:25,955] {processor.py:161} INFO - Processing /opt/airflow/dags/sample_dag.py took 0.218 seconds
[2022-08-06 16:30:56,454] {processor.py:153} INFO - Started process (PID=401) to work on /opt/airflow/dags/sample_dag.py
[2022-08-06 16:30:56,457] {processor.py:641} INFO - Processing file /opt/airflow/dags/sample_dag.py for tasks to queue
[2022-08-06 16:30:56,458] {logging_mixin.py:115} INFO - [2022-08-06 16:30:56,458] {dagbag.py:507} INFO - Filling up the DagBag from /opt/airflow/dags/sample_dag.py
[2022-08-06 16:30:56,525] {processor.py:651} INFO - DAG(s) dict_keys(['first_sample_dag']) retrieved from /opt/airflow/dags/sample_dag.py
[2022-08-06 16:30:56,662] {logging_mixin.py:115} INFO - [2022-08-06 16:30:56,661] {dag.py:2371} INFO - Sync 1 DAGs
[2022-08-06 16:30:56,763] {logging_mixin.py:115} INFO - [2022-08-06 16:30:56,762] {dag.py:2919} INFO - Setting next_dagrun for first_sample_dag to 2022-08-01T00:00:00+00:00, run_after=2022-08-02T00:00:00+00:00
[2022-08-06 16:30:56,804] {processor.py:161} INFO - Processing /opt/airflow/dags/sample_dag.py took 0.372 seconds
[2022-08-06 16:31:26,898] {processor.py:153} INFO - Started process (PID=424) to work on /opt/airflow/dags/sample_dag.py
[2022-08-06 16:31:26,900] {processor.py:641} INFO - Processing file /opt/airflow/dags/sample_dag.py for tasks to queue
[2022-08-06 16:31:26,901] {logging_mixin.py:115} INFO - [2022-08-06 16:31:26,900] {dagbag.py:507} INFO - Filling up the DagBag from /opt/airflow/dags/sample_dag.py
[2022-08-06 16:31:26,921] {processor.py:651} INFO - DAG(s) dict_keys(['first_sample_dag']) retrieved from /opt/airflow/dags/sample_dag.py
[2022-08-06 16:31:26,981] {logging_mixin.py:115} INFO - [2022-08-06 16:31:26,981] {dag.py:2371} INFO - Sync 1 DAGs
[2022-08-06 16:31:27,066] {logging_mixin.py:115} INFO - [2022-08-06 16:31:27,066] {dag.py:2919} INFO - Setting next_dagrun for first_sample_dag to 2022-08-06T00:00:00+00:00, run_after=2022-08-07T00:00:00+00:00
[2022-08-06 16:31:27,096] {processor.py:161} INFO - Processing /opt/airflow/dags/sample_dag.py took 0.203 seconds
[2022-08-06 16:31:57,214] {processor.py:153} INFO - Started process (PID=429) to work on /opt/airflow/dags/sample_dag.py
[2022-08-06 16:31:57,216] {processor.py:641} INFO - Processing file /opt/airflow/dags/sample_dag.py for tasks to queue
[2022-08-06 16:31:57,217] {logging_mixin.py:115} INFO - [2022-08-06 16:31:57,217] {dagbag.py:507} INFO - Filling up the DagBag from /opt/airflow/dags/sample_dag.py
[2022-08-06 16:31:57,252] {processor.py:651} INFO - DAG(s) dict_keys(['first_sample_dag']) retrieved from /opt/airflow/dags/sample_dag.py
[2022-08-06 16:31:57,344] {logging_mixin.py:115} INFO - [2022-08-06 16:31:57,344] {dag.py:2371} INFO - Sync 1 DAGs
[2022-08-06 16:31:57,430] {logging_mixin.py:115} INFO - [2022-08-06 16:31:57,430] {dag.py:2919} INFO - Setting next_dagrun for first_sample_dag to 2022-08-06T00:00:00+00:00, run_after=2022-08-07T00:00:00+00:00
[2022-08-06 16:31:57,464] {processor.py:161} INFO - Processing /opt/airflow/dags/sample_dag.py took 0.257 seconds
[2022-08-06 16:32:27,576] {processor.py:153} INFO - Started process (PID=434) to work on /opt/airflow/dags/sample_dag.py
[2022-08-06 16:32:27,578] {processor.py:641} INFO - Processing file /opt/airflow/dags/sample_dag.py for tasks to queue
[2022-08-06 16:32:27,579] {logging_mixin.py:115} INFO - [2022-08-06 16:32:27,578] {dagbag.py:507} INFO - Filling up the DagBag from /opt/airflow/dags/sample_dag.py
[2022-08-06 16:32:27,612] {processor.py:651} INFO - DAG(s) dict_keys(['first_sample_dag']) retrieved from /opt/airflow/dags/sample_dag.py
[2022-08-06 16:32:27,699] {logging_mixin.py:115} INFO - [2022-08-06 16:32:27,699] {dag.py:2371} INFO - Sync 1 DAGs
[2022-08-06 16:32:27,768] {logging_mixin.py:115} INFO - [2022-08-06 16:32:27,768] {dag.py:2919} INFO - Setting next_dagrun for first_sample_dag to 2022-08-06T00:00:00+00:00, run_after=2022-08-07T00:00:00+00:00
[2022-08-06 16:32:27,806] {processor.py:161} INFO - Processing /opt/airflow/dags/sample_dag.py took 0.236 seconds
[2022-08-06 16:32:57,930] {processor.py:153} INFO - Started process (PID=439) to work on /opt/airflow/dags/sample_dag.py
[2022-08-06 16:32:57,933] {processor.py:641} INFO - Processing file /opt/airflow/dags/sample_dag.py for tasks to queue
[2022-08-06 16:32:57,934] {logging_mixin.py:115} INFO - [2022-08-06 16:32:57,934] {dagbag.py:507} INFO - Filling up the DagBag from /opt/airflow/dags/sample_dag.py
[2022-08-06 16:32:57,963] {processor.py:651} INFO - DAG(s) dict_keys(['first_sample_dag']) retrieved from /opt/airflow/dags/sample_dag.py
[2022-08-06 16:32:58,032] {logging_mixin.py:115} INFO - [2022-08-06 16:32:58,031] {dag.py:2371} INFO - Sync 1 DAGs
[2022-08-06 16:32:58,105] {logging_mixin.py:115} INFO - [2022-08-06 16:32:58,104] {dag.py:2919} INFO - Setting next_dagrun for first_sample_dag to 2022-08-06T00:00:00+00:00, run_after=2022-08-07T00:00:00+00:00
[2022-08-06 16:32:58,149] {processor.py:161} INFO - Processing /opt/airflow/dags/sample_dag.py took 0.228 seconds
[2022-08-06 16:33:28,277] {processor.py:153} INFO - Started process (PID=444) to work on /opt/airflow/dags/sample_dag.py
[2022-08-06 16:33:28,279] {processor.py:641} INFO - Processing file /opt/airflow/dags/sample_dag.py for tasks to queue
[2022-08-06 16:33:28,280] {logging_mixin.py:115} INFO - [2022-08-06 16:33:28,280] {dagbag.py:507} INFO - Filling up the DagBag from /opt/airflow/dags/sample_dag.py
[2022-08-06 16:33:28,308] {processor.py:651} INFO - DAG(s) dict_keys(['first_sample_dag']) retrieved from /opt/airflow/dags/sample_dag.py
[2022-08-06 16:33:28,383] {logging_mixin.py:115} INFO - [2022-08-06 16:33:28,382] {dag.py:2371} INFO - Sync 1 DAGs
[2022-08-06 16:33:28,458] {logging_mixin.py:115} INFO - [2022-08-06 16:33:28,458] {dag.py:2919} INFO - Setting next_dagrun for first_sample_dag to 2022-08-06T00:00:00+00:00, run_after=2022-08-07T00:00:00+00:00
[2022-08-06 16:33:28,500] {processor.py:161} INFO - Processing /opt/airflow/dags/sample_dag.py took 0.231 seconds
[2022-08-06 16:33:58,623] {processor.py:153} INFO - Started process (PID=449) to work on /opt/airflow/dags/sample_dag.py
[2022-08-06 16:33:58,626] {processor.py:641} INFO - Processing file /opt/airflow/dags/sample_dag.py for tasks to queue
[2022-08-06 16:33:58,628] {logging_mixin.py:115} INFO - [2022-08-06 16:33:58,628] {dagbag.py:507} INFO - Filling up the DagBag from /opt/airflow/dags/sample_dag.py
[2022-08-06 16:33:58,656] {processor.py:651} INFO - DAG(s) dict_keys(['first_sample_dag']) retrieved from /opt/airflow/dags/sample_dag.py
[2022-08-06 16:33:58,718] {logging_mixin.py:115} INFO - [2022-08-06 16:33:58,718] {dag.py:2371} INFO - Sync 1 DAGs
[2022-08-06 16:33:58,788] {logging_mixin.py:115} INFO - [2022-08-06 16:33:58,787] {dag.py:2919} INFO - Setting next_dagrun for first_sample_dag to 2022-08-06T00:00:00+00:00, run_after=2022-08-07T00:00:00+00:00
[2022-08-06 16:33:58,823] {processor.py:161} INFO - Processing /opt/airflow/dags/sample_dag.py took 0.210 seconds
[2022-08-06 16:34:28,944] {processor.py:153} INFO - Started process (PID=454) to work on /opt/airflow/dags/sample_dag.py
[2022-08-06 16:34:28,945] {processor.py:641} INFO - Processing file /opt/airflow/dags/sample_dag.py for tasks to queue
[2022-08-06 16:34:28,947] {logging_mixin.py:115} INFO - [2022-08-06 16:34:28,947] {dagbag.py:507} INFO - Filling up the DagBag from /opt/airflow/dags/sample_dag.py
[2022-08-06 16:34:28,980] {processor.py:651} INFO - DAG(s) dict_keys(['first_sample_dag']) retrieved from /opt/airflow/dags/sample_dag.py
[2022-08-06 16:34:29,047] {logging_mixin.py:115} INFO - [2022-08-06 16:34:29,046] {dag.py:2371} INFO - Sync 1 DAGs
[2022-08-06 16:34:29,092] {logging_mixin.py:115} INFO - [2022-08-06 16:34:29,091] {dag.py:2919} INFO - Setting next_dagrun for first_sample_dag to 2022-08-06T00:00:00+00:00, run_after=2022-08-07T00:00:00+00:00
[2022-08-06 16:34:29,118] {processor.py:161} INFO - Processing /opt/airflow/dags/sample_dag.py took 0.183 seconds
[2022-08-06 16:34:59,289] {processor.py:153} INFO - Started process (PID=459) to work on /opt/airflow/dags/sample_dag.py
[2022-08-06 16:34:59,314] {processor.py:641} INFO - Processing file /opt/airflow/dags/sample_dag.py for tasks to queue
[2022-08-06 16:34:59,316] {logging_mixin.py:115} INFO - [2022-08-06 16:34:59,316] {dagbag.py:507} INFO - Filling up the DagBag from /opt/airflow/dags/sample_dag.py
[2022-08-06 16:34:59,382] {processor.py:651} INFO - DAG(s) dict_keys(['first_sample_dag']) retrieved from /opt/airflow/dags/sample_dag.py
[2022-08-06 16:34:59,486] {logging_mixin.py:115} INFO - [2022-08-06 16:34:59,485] {dag.py:2371} INFO - Sync 1 DAGs
[2022-08-06 16:34:59,559] {logging_mixin.py:115} INFO - [2022-08-06 16:34:59,559] {dag.py:2919} INFO - Setting next_dagrun for first_sample_dag to 2022-08-06T00:00:00+00:00, run_after=2022-08-07T00:00:00+00:00
[2022-08-06 16:34:59,597] {processor.py:161} INFO - Processing /opt/airflow/dags/sample_dag.py took 0.314 seconds
[2022-08-06 16:35:29,720] {processor.py:153} INFO - Started process (PID=464) to work on /opt/airflow/dags/sample_dag.py
[2022-08-06 16:35:29,723] {processor.py:641} INFO - Processing file /opt/airflow/dags/sample_dag.py for tasks to queue
[2022-08-06 16:35:29,726] {logging_mixin.py:115} INFO - [2022-08-06 16:35:29,726] {dagbag.py:507} INFO - Filling up the DagBag from /opt/airflow/dags/sample_dag.py
[2022-08-06 16:35:29,752] {processor.py:651} INFO - DAG(s) dict_keys(['first_sample_dag']) retrieved from /opt/airflow/dags/sample_dag.py
[2022-08-06 16:35:29,815] {logging_mixin.py:115} INFO - [2022-08-06 16:35:29,815] {dag.py:2371} INFO - Sync 1 DAGs
[2022-08-06 16:35:29,885] {logging_mixin.py:115} INFO - [2022-08-06 16:35:29,885] {dag.py:2919} INFO - Setting next_dagrun for first_sample_dag to 2022-08-06T00:00:00+00:00, run_after=2022-08-07T00:00:00+00:00
[2022-08-06 16:35:29,928] {processor.py:161} INFO - Processing /opt/airflow/dags/sample_dag.py took 0.216 seconds
[2022-08-06 16:36:00,083] {processor.py:153} INFO - Started process (PID=469) to work on /opt/airflow/dags/sample_dag.py
[2022-08-06 16:36:00,084] {processor.py:641} INFO - Processing file /opt/airflow/dags/sample_dag.py for tasks to queue
[2022-08-06 16:36:00,085] {logging_mixin.py:115} INFO - [2022-08-06 16:36:00,085] {dagbag.py:507} INFO - Filling up the DagBag from /opt/airflow/dags/sample_dag.py
[2022-08-06 16:36:00,108] {processor.py:651} INFO - DAG(s) dict_keys(['first_sample_dag']) retrieved from /opt/airflow/dags/sample_dag.py
[2022-08-06 16:36:00,158] {logging_mixin.py:115} INFO - [2022-08-06 16:36:00,157] {dag.py:2371} INFO - Sync 1 DAGs
[2022-08-06 16:36:00,197] {logging_mixin.py:115} INFO - [2022-08-06 16:36:00,197] {dag.py:2919} INFO - Setting next_dagrun for first_sample_dag to 2022-08-06T00:00:00+00:00, run_after=2022-08-07T00:00:00+00:00
[2022-08-06 16:36:00,221] {processor.py:161} INFO - Processing /opt/airflow/dags/sample_dag.py took 0.144 seconds
[2022-08-06 16:36:30,325] {processor.py:153} INFO - Started process (PID=474) to work on /opt/airflow/dags/sample_dag.py
[2022-08-06 16:36:30,326] {processor.py:641} INFO - Processing file /opt/airflow/dags/sample_dag.py for tasks to queue
[2022-08-06 16:36:30,328] {logging_mixin.py:115} INFO - [2022-08-06 16:36:30,328] {dagbag.py:507} INFO - Filling up the DagBag from /opt/airflow/dags/sample_dag.py
[2022-08-06 16:36:30,365] {processor.py:651} INFO - DAG(s) dict_keys(['first_sample_dag']) retrieved from /opt/airflow/dags/sample_dag.py
[2022-08-06 16:36:30,420] {logging_mixin.py:115} INFO - [2022-08-06 16:36:30,419] {dag.py:2371} INFO - Sync 1 DAGs
[2022-08-06 16:36:30,477] {logging_mixin.py:115} INFO - [2022-08-06 16:36:30,477] {dag.py:2919} INFO - Setting next_dagrun for first_sample_dag to 2022-08-06T00:00:00+00:00, run_after=2022-08-07T00:00:00+00:00
[2022-08-06 16:36:30,497] {processor.py:161} INFO - Processing /opt/airflow/dags/sample_dag.py took 0.182 seconds
[2022-08-06 16:37:00,604] {processor.py:153} INFO - Started process (PID=479) to work on /opt/airflow/dags/sample_dag.py
[2022-08-06 16:37:00,606] {processor.py:641} INFO - Processing file /opt/airflow/dags/sample_dag.py for tasks to queue
[2022-08-06 16:37:00,608] {logging_mixin.py:115} INFO - [2022-08-06 16:37:00,608] {dagbag.py:507} INFO - Filling up the DagBag from /opt/airflow/dags/sample_dag.py
[2022-08-06 16:37:00,634] {processor.py:651} INFO - DAG(s) dict_keys(['first_sample_dag']) retrieved from /opt/airflow/dags/sample_dag.py
[2022-08-06 16:37:00,700] {logging_mixin.py:115} INFO - [2022-08-06 16:37:00,700] {dag.py:2371} INFO - Sync 1 DAGs
[2022-08-06 16:37:00,747] {logging_mixin.py:115} INFO - [2022-08-06 16:37:00,747] {dag.py:2919} INFO - Setting next_dagrun for first_sample_dag to 2022-08-06T00:00:00+00:00, run_after=2022-08-07T00:00:00+00:00
[2022-08-06 16:37:00,771] {processor.py:161} INFO - Processing /opt/airflow/dags/sample_dag.py took 0.176 seconds
[2022-08-06 16:37:30,884] {processor.py:153} INFO - Started process (PID=484) to work on /opt/airflow/dags/sample_dag.py
[2022-08-06 16:37:30,887] {processor.py:641} INFO - Processing file /opt/airflow/dags/sample_dag.py for tasks to queue
[2022-08-06 16:37:30,888] {logging_mixin.py:115} INFO - [2022-08-06 16:37:30,888] {dagbag.py:507} INFO - Filling up the DagBag from /opt/airflow/dags/sample_dag.py
[2022-08-06 16:37:30,916] {processor.py:651} INFO - DAG(s) dict_keys(['first_sample_dag']) retrieved from /opt/airflow/dags/sample_dag.py
[2022-08-06 16:37:30,986] {logging_mixin.py:115} INFO - [2022-08-06 16:37:30,986] {dag.py:2371} INFO - Sync 1 DAGs
[2022-08-06 16:37:31,044] {logging_mixin.py:115} INFO - [2022-08-06 16:37:31,044] {dag.py:2919} INFO - Setting next_dagrun for first_sample_dag to 2022-08-06T00:00:00+00:00, run_after=2022-08-07T00:00:00+00:00
[2022-08-06 16:37:31,074] {processor.py:161} INFO - Processing /opt/airflow/dags/sample_dag.py took 0.200 seconds
[2022-08-06 16:38:01,173] {processor.py:153} INFO - Started process (PID=489) to work on /opt/airflow/dags/sample_dag.py
[2022-08-06 16:38:01,174] {processor.py:641} INFO - Processing file /opt/airflow/dags/sample_dag.py for tasks to queue
[2022-08-06 16:38:01,174] {logging_mixin.py:115} INFO - [2022-08-06 16:38:01,174] {dagbag.py:507} INFO - Filling up the DagBag from /opt/airflow/dags/sample_dag.py
[2022-08-06 16:38:01,186] {processor.py:651} INFO - DAG(s) dict_keys(['first_sample_dag']) retrieved from /opt/airflow/dags/sample_dag.py
[2022-08-06 16:38:01,218] {logging_mixin.py:115} INFO - [2022-08-06 16:38:01,218] {dag.py:2371} INFO - Sync 1 DAGs
[2022-08-06 16:38:01,258] {logging_mixin.py:115} INFO - [2022-08-06 16:38:01,257] {dag.py:2919} INFO - Setting next_dagrun for first_sample_dag to 2022-08-06T00:00:00+00:00, run_after=2022-08-07T00:00:00+00:00
[2022-08-06 16:38:01,284] {processor.py:161} INFO - Processing /opt/airflow/dags/sample_dag.py took 0.114 seconds
[2022-08-06 16:38:31,401] {processor.py:153} INFO - Started process (PID=494) to work on /opt/airflow/dags/sample_dag.py
[2022-08-06 16:38:31,405] {processor.py:641} INFO - Processing file /opt/airflow/dags/sample_dag.py for tasks to queue
[2022-08-06 16:38:31,406] {logging_mixin.py:115} INFO - [2022-08-06 16:38:31,406] {dagbag.py:507} INFO - Filling up the DagBag from /opt/airflow/dags/sample_dag.py
[2022-08-06 16:38:31,431] {processor.py:651} INFO - DAG(s) dict_keys(['first_sample_dag']) retrieved from /opt/airflow/dags/sample_dag.py
[2022-08-06 16:38:31,481] {logging_mixin.py:115} INFO - [2022-08-06 16:38:31,481] {dag.py:2371} INFO - Sync 1 DAGs
[2022-08-06 16:38:31,554] {logging_mixin.py:115} INFO - [2022-08-06 16:38:31,554] {dag.py:2919} INFO - Setting next_dagrun for first_sample_dag to 2022-08-06T00:00:00+00:00, run_after=2022-08-07T00:00:00+00:00
[2022-08-06 16:38:31,581] {processor.py:161} INFO - Processing /opt/airflow/dags/sample_dag.py took 0.188 seconds
[2022-08-06 16:39:01,699] {processor.py:153} INFO - Started process (PID=499) to work on /opt/airflow/dags/sample_dag.py
[2022-08-06 16:39:01,700] {processor.py:641} INFO - Processing file /opt/airflow/dags/sample_dag.py for tasks to queue
[2022-08-06 16:39:01,702] {logging_mixin.py:115} INFO - [2022-08-06 16:39:01,702] {dagbag.py:507} INFO - Filling up the DagBag from /opt/airflow/dags/sample_dag.py
[2022-08-06 16:39:01,727] {processor.py:651} INFO - DAG(s) dict_keys(['first_sample_dag']) retrieved from /opt/airflow/dags/sample_dag.py
[2022-08-06 16:39:01,787] {logging_mixin.py:115} INFO - [2022-08-06 16:39:01,787] {dag.py:2371} INFO - Sync 1 DAGs
[2022-08-06 16:39:01,859] {logging_mixin.py:115} INFO - [2022-08-06 16:39:01,858] {dag.py:2919} INFO - Setting next_dagrun for first_sample_dag to 2022-08-06T00:00:00+00:00, run_after=2022-08-07T00:00:00+00:00
[2022-08-06 16:39:01,892] {processor.py:161} INFO - Processing /opt/airflow/dags/sample_dag.py took 0.202 seconds
