[2022-08-06 16:30:31,653] {taskinstance.py:1159} INFO - Dependencies all met for <TaskInstance: first_sample_dag.print_hello_world scheduled__2022-07-06T00:00:00+00:00 [queued]>
[2022-08-06 16:30:31,683] {taskinstance.py:1159} INFO - Dependencies all met for <TaskInstance: first_sample_dag.print_hello_world scheduled__2022-07-06T00:00:00+00:00 [queued]>
[2022-08-06 16:30:31,684] {taskinstance.py:1356} INFO - 
--------------------------------------------------------------------------------
[2022-08-06 16:30:31,684] {taskinstance.py:1357} INFO - Starting attempt 1 of 1
[2022-08-06 16:30:31,684] {taskinstance.py:1358} INFO - 
--------------------------------------------------------------------------------
[2022-08-06 16:30:31,739] {taskinstance.py:1377} INFO - Executing <Task(BashOperator): print_hello_world> on 2022-07-06 00:00:00+00:00
[2022-08-06 16:30:31,757] {standard_task_runner.py:52} INFO - Started process 328 to run task
[2022-08-06 16:30:31,772] {standard_task_runner.py:79} INFO - Running: ['***', 'tasks', 'run', 'first_sample_dag', 'print_hello_world', 'scheduled__2022-07-06T00:00:00+00:00', '--job-id', '41', '--raw', '--subdir', 'DAGS_FOLDER/sample_dag.py', '--cfg-path', '/tmp/tmphpvp_dd0', '--error-file', '/tmp/tmpl324g61f']
[2022-08-06 16:30:31,774] {standard_task_runner.py:80} INFO - Job 41: Subtask print_hello_world
[2022-08-06 16:30:32,042] {task_command.py:369} INFO - Running <TaskInstance: first_sample_dag.print_hello_world scheduled__2022-07-06T00:00:00+00:00 [running]> on host ea9e01c3b28c
[2022-08-06 16:30:32,751] {taskinstance.py:1571} INFO - Exporting the following env vars:
AIRFLOW_CTX_DAG_OWNER=***
AIRFLOW_CTX_DAG_ID=first_sample_dag
AIRFLOW_CTX_TASK_ID=print_hello_world
AIRFLOW_CTX_EXECUTION_DATE=2022-07-06T00:00:00+00:00
AIRFLOW_CTX_TRY_NUMBER=1
AIRFLOW_CTX_DAG_RUN_ID=scheduled__2022-07-06T00:00:00+00:00
[2022-08-06 16:30:32,753] {subprocess.py:62} INFO - Tmp dir root location: 
 /tmp
[2022-08-06 16:30:32,770] {subprocess.py:74} INFO - Running command: ['bash', '-c', 'echo "HelloWorld!"']
[2022-08-06 16:30:32,995] {subprocess.py:85} INFO - Output:
[2022-08-06 16:30:32,998] {subprocess.py:92} INFO - HelloWorld!
[2022-08-06 16:30:32,999] {subprocess.py:96} INFO - Command exited with return code 0
[2022-08-06 16:30:33,321] {taskinstance.py:1400} INFO - Marking task as SUCCESS. dag_id=first_sample_dag, task_id=print_hello_world, execution_date=20220706T000000, start_date=20220806T163031, end_date=20220806T163033
[2022-08-06 16:30:33,429] {local_task_job.py:156} INFO - Task exited with return code 0
[2022-08-06 16:30:33,927] {local_task_job.py:273} INFO - 0 downstream tasks scheduled from follow-on schedule check
