[2022-08-06 16:27:13,097] {taskinstance.py:1159} INFO - Dependencies all met for <TaskInstance: first_sample_dag.print_hello_world scheduled__2022-06-25T00:00:00+00:00 [queued]>
[2022-08-06 16:27:13,115] {taskinstance.py:1159} INFO - Dependencies all met for <TaskInstance: first_sample_dag.print_hello_world scheduled__2022-06-25T00:00:00+00:00 [queued]>
[2022-08-06 16:27:13,116] {taskinstance.py:1356} INFO - 
--------------------------------------------------------------------------------
[2022-08-06 16:27:13,116] {taskinstance.py:1357} INFO - Starting attempt 1 of 1
[2022-08-06 16:27:13,116] {taskinstance.py:1358} INFO - 
--------------------------------------------------------------------------------
[2022-08-06 16:27:13,151] {taskinstance.py:1377} INFO - Executing <Task(BashOperator): print_hello_world> on 2022-06-25 00:00:00+00:00
[2022-08-06 16:27:13,157] {standard_task_runner.py:52} INFO - Started process 290 to run task
[2022-08-06 16:27:13,161] {standard_task_runner.py:79} INFO - Running: ['***', 'tasks', 'run', 'first_sample_dag', 'print_hello_world', 'scheduled__2022-06-25T00:00:00+00:00', '--job-id', '30', '--raw', '--subdir', 'DAGS_FOLDER/sample_dag.py', '--cfg-path', '/tmp/tmpfv2cc0su', '--error-file', '/tmp/tmp9l6ec03t']
[2022-08-06 16:27:13,163] {standard_task_runner.py:80} INFO - Job 30: Subtask print_hello_world
[2022-08-06 16:27:13,300] {task_command.py:369} INFO - Running <TaskInstance: first_sample_dag.print_hello_world scheduled__2022-06-25T00:00:00+00:00 [running]> on host ea9e01c3b28c
[2022-08-06 16:27:13,638] {taskinstance.py:1571} INFO - Exporting the following env vars:
AIRFLOW_CTX_DAG_OWNER=***
AIRFLOW_CTX_DAG_ID=first_sample_dag
AIRFLOW_CTX_TASK_ID=print_hello_world
AIRFLOW_CTX_EXECUTION_DATE=2022-06-25T00:00:00+00:00
AIRFLOW_CTX_TRY_NUMBER=1
AIRFLOW_CTX_DAG_RUN_ID=scheduled__2022-06-25T00:00:00+00:00
[2022-08-06 16:27:13,648] {subprocess.py:62} INFO - Tmp dir root location: 
 /tmp
[2022-08-06 16:27:13,654] {subprocess.py:74} INFO - Running command: ['bash', '-c', 'echo "HelloWorld!"']
[2022-08-06 16:27:13,692] {subprocess.py:85} INFO - Output:
[2022-08-06 16:27:13,695] {subprocess.py:92} INFO - HelloWorld!
[2022-08-06 16:27:13,697] {subprocess.py:96} INFO - Command exited with return code 0
[2022-08-06 16:27:13,831] {taskinstance.py:1400} INFO - Marking task as SUCCESS. dag_id=first_sample_dag, task_id=print_hello_world, execution_date=20220625T000000, start_date=20220806T162713, end_date=20220806T162713
[2022-08-06 16:27:14,059] {local_task_job.py:156} INFO - Task exited with return code 0
[2022-08-06 16:27:15,501] {local_task_job.py:273} INFO - 0 downstream tasks scheduled from follow-on schedule check
