[2022-08-06 16:27:10,124] {taskinstance.py:1159} INFO - Dependencies all met for <TaskInstance: first_sample_dag.print_hello_world scheduled__2022-06-23T00:00:00+00:00 [queued]>
[2022-08-06 16:27:10,144] {taskinstance.py:1159} INFO - Dependencies all met for <TaskInstance: first_sample_dag.print_hello_world scheduled__2022-06-23T00:00:00+00:00 [queued]>
[2022-08-06 16:27:10,144] {taskinstance.py:1356} INFO - 
--------------------------------------------------------------------------------
[2022-08-06 16:27:10,144] {taskinstance.py:1357} INFO - Starting attempt 1 of 1
[2022-08-06 16:27:10,145] {taskinstance.py:1358} INFO - 
--------------------------------------------------------------------------------
[2022-08-06 16:27:10,179] {taskinstance.py:1377} INFO - Executing <Task(BashOperator): print_hello_world> on 2022-06-23 00:00:00+00:00
[2022-08-06 16:27:10,185] {standard_task_runner.py:52} INFO - Started process 282 to run task
[2022-08-06 16:27:10,192] {standard_task_runner.py:79} INFO - Running: ['***', 'tasks', 'run', 'first_sample_dag', 'print_hello_world', 'scheduled__2022-06-23T00:00:00+00:00', '--job-id', '28', '--raw', '--subdir', 'DAGS_FOLDER/sample_dag.py', '--cfg-path', '/tmp/tmpciier8ff', '--error-file', '/tmp/tmpzsqo0sl9']
[2022-08-06 16:27:10,195] {standard_task_runner.py:80} INFO - Job 28: Subtask print_hello_world
[2022-08-06 16:27:10,307] {task_command.py:369} INFO - Running <TaskInstance: first_sample_dag.print_hello_world scheduled__2022-06-23T00:00:00+00:00 [running]> on host ea9e01c3b28c
[2022-08-06 16:27:10,464] {taskinstance.py:1571} INFO - Exporting the following env vars:
AIRFLOW_CTX_DAG_OWNER=***
AIRFLOW_CTX_DAG_ID=first_sample_dag
AIRFLOW_CTX_TASK_ID=print_hello_world
AIRFLOW_CTX_EXECUTION_DATE=2022-06-23T00:00:00+00:00
AIRFLOW_CTX_TRY_NUMBER=1
AIRFLOW_CTX_DAG_RUN_ID=scheduled__2022-06-23T00:00:00+00:00
[2022-08-06 16:27:10,466] {subprocess.py:62} INFO - Tmp dir root location: 
 /tmp
[2022-08-06 16:27:10,466] {subprocess.py:74} INFO - Running command: ['bash', '-c', 'echo "HelloWorld!"']
[2022-08-06 16:27:10,483] {subprocess.py:85} INFO - Output:
[2022-08-06 16:27:10,485] {subprocess.py:92} INFO - HelloWorld!
[2022-08-06 16:27:10,486] {subprocess.py:96} INFO - Command exited with return code 0
[2022-08-06 16:27:10,535] {taskinstance.py:1400} INFO - Marking task as SUCCESS. dag_id=first_sample_dag, task_id=print_hello_world, execution_date=20220623T000000, start_date=20220806T162710, end_date=20220806T162710
[2022-08-06 16:27:10,567] {local_task_job.py:156} INFO - Task exited with return code 0
[2022-08-06 16:27:10,626] {local_task_job.py:273} INFO - 1 downstream tasks scheduled from follow-on schedule check
