[2022-08-06 16:25:51,255] {manager.py:474} INFO - Processing files using up to 2 processes at a time 
[2022-08-06 16:25:51,255] {manager.py:475} INFO - Process each file at most once every 30 seconds
[2022-08-06 16:25:51,256] {manager.py:477} INFO - Checking for new files in /opt/airflow/dags every 300 seconds
[2022-08-06 16:25:51,256] {manager.py:684} INFO - Searching for files in /opt/airflow/dags
[2022-08-06 16:25:51,256] {manager.py:687} INFO - There are 1 files in /opt/airflow/dags
[2022-08-06 16:25:51,323] {manager.py:803} INFO - 
================================================================================
DAG File Processing Stats

File Path                          PID  Runtime      # DAGs    # Errors  Last Runtime    Last Run
-------------------------------  -----  ---------  --------  ----------  --------------  ----------
/opt/airflow/dags/sample_dag.py    188  0.02s             0           0
================================================================================
[2022-08-06 16:26:21,393] {manager.py:803} INFO - 
================================================================================
DAG File Processing Stats

File Path                        PID    Runtime      # DAGs    # Errors  Last Runtime    Last Run
-------------------------------  -----  ---------  --------  ----------  --------------  -------------------
/opt/airflow/dags/sample_dag.py                           1           0  0.65s           2022-08-06T16:25:51
================================================================================
[2022-08-06 16:26:52,168] {manager.py:803} INFO - 
================================================================================
DAG File Processing Stats

File Path                        PID    Runtime      # DAGs    # Errors  Last Runtime    Last Run
-------------------------------  -----  ---------  --------  ----------  --------------  -------------------
/opt/airflow/dags/sample_dag.py                           1           0  0.20s           2022-08-06T16:26:22
================================================================================
[2022-08-06 16:30:25,670] {manager.py:803} INFO - 
================================================================================
DAG File Processing Stats

File Path                          PID  Runtime      # DAGs    # Errors  Last Runtime    Last Run
-------------------------------  -----  ---------  --------  ----------  --------------  -------------------
/opt/airflow/dags/sample_dag.py    309  0.00s             1           0  0.80s           2022-08-06T16:26:53
================================================================================
[2022-08-06 16:30:51,901] {manager.py:684} INFO - Searching for files in /opt/airflow/dags
[2022-08-06 16:30:51,908] {manager.py:687} INFO - There are 1 files in /opt/airflow/dags
[2022-08-06 16:30:55,942] {manager.py:803} INFO - 
================================================================================
DAG File Processing Stats

File Path                        PID    Runtime      # DAGs    # Errors  Last Runtime    Last Run
-------------------------------  -----  ---------  --------  ----------  --------------  -------------------
/opt/airflow/dags/sample_dag.py                           1           0  0.31s           2022-08-06T16:30:25
================================================================================
[2022-08-06 16:31:26,199] {manager.py:803} INFO - 
================================================================================
DAG File Processing Stats

File Path                        PID    Runtime      # DAGs    # Errors  Last Runtime    Last Run
-------------------------------  -----  ---------  --------  ----------  --------------  -------------------
/opt/airflow/dags/sample_dag.py                           1           0  0.65s           2022-08-06T16:30:56
================================================================================
[2022-08-06 16:31:56,977] {manager.py:803} INFO - 
================================================================================
DAG File Processing Stats

File Path                        PID    Runtime      # DAGs    # Errors  Last Runtime    Last Run
-------------------------------  -----  ---------  --------  ----------  --------------  -------------------
/opt/airflow/dags/sample_dag.py                           1           0  0.24s           2022-08-06T16:31:27
================================================================================
[2022-08-06 16:32:27,290] {manager.py:803} INFO - 
================================================================================
DAG File Processing Stats

File Path                        PID    Runtime      # DAGs    # Errors  Last Runtime    Last Run
-------------------------------  -----  ---------  --------  ----------  --------------  -------------------
/opt/airflow/dags/sample_dag.py                           1           0  0.30s           2022-08-06T16:31:57
================================================================================
[2022-08-06 16:32:57,647] {manager.py:803} INFO - 
================================================================================
DAG File Processing Stats

File Path                        PID    Runtime      # DAGs    # Errors  Last Runtime    Last Run
-------------------------------  -----  ---------  --------  ----------  --------------  -------------------
/opt/airflow/dags/sample_dag.py                           1           0  0.28s           2022-08-06T16:32:27
================================================================================
[2022-08-06 16:33:27,997] {manager.py:803} INFO - 
================================================================================
DAG File Processing Stats

File Path                        PID    Runtime      # DAGs    # Errors  Last Runtime    Last Run
-------------------------------  -----  ---------  --------  ----------  --------------  -------------------
/opt/airflow/dags/sample_dag.py                           1           0  0.28s           2022-08-06T16:32:58
================================================================================
[2022-08-06 16:33:58,349] {manager.py:803} INFO - 
================================================================================
DAG File Processing Stats

File Path                        PID    Runtime      # DAGs    # Errors  Last Runtime    Last Run
-------------------------------  -----  ---------  --------  ----------  --------------  -------------------
/opt/airflow/dags/sample_dag.py                           1           0  0.28s           2022-08-06T16:33:28
================================================================================
[2022-08-06 16:34:28,685] {manager.py:803} INFO - 
================================================================================
DAG File Processing Stats

File Path                        PID    Runtime      # DAGs    # Errors  Last Runtime    Last Run
-------------------------------  -----  ---------  --------  ----------  --------------  -------------------
/opt/airflow/dags/sample_dag.py                           1           0  0.25s           2022-08-06T16:33:58
================================================================================
[2022-08-06 16:34:59,006] {manager.py:803} INFO - 
================================================================================
DAG File Processing Stats

File Path                        PID    Runtime      # DAGs    # Errors  Last Runtime    Last Run
-------------------------------  -----  ---------  --------  ----------  --------------  -------------------
/opt/airflow/dags/sample_dag.py                           1           0  0.22s           2022-08-06T16:34:29
================================================================================
[2022-08-06 16:35:29,351] {manager.py:803} INFO - 
================================================================================
DAG File Processing Stats

File Path                        PID    Runtime      # DAGs    # Errors  Last Runtime    Last Run
-------------------------------  -----  ---------  --------  ----------  --------------  -------------------
/opt/airflow/dags/sample_dag.py                           1           0  0.38s           2022-08-06T16:34:59
================================================================================
[2022-08-06 16:35:52,001] {manager.py:684} INFO - Searching for files in /opt/airflow/dags
[2022-08-06 16:35:52,006] {manager.py:687} INFO - There are 1 files in /opt/airflow/dags
[2022-08-06 16:35:59,777] {manager.py:803} INFO - 
================================================================================
DAG File Processing Stats

File Path                        PID    Runtime      # DAGs    # Errors  Last Runtime    Last Run
-------------------------------  -----  ---------  --------  ----------  --------------  -------------------
/opt/airflow/dags/sample_dag.py                           1           0  0.26s           2022-08-06T16:35:29
================================================================================
[2022-08-06 16:36:30,160] {manager.py:803} INFO - 
================================================================================
DAG File Processing Stats

File Path                        PID    Runtime      # DAGs    # Errors  Last Runtime    Last Run
-------------------------------  -----  ---------  --------  ----------  --------------  -------------------
/opt/airflow/dags/sample_dag.py                           1           0  0.17s           2022-08-06T16:36:00
================================================================================
[2022-08-06 16:37:00,383] {manager.py:803} INFO - 
================================================================================
DAG File Processing Stats

File Path                        PID    Runtime      # DAGs    # Errors  Last Runtime    Last Run
-------------------------------  -----  ---------  --------  ----------  --------------  -------------------
/opt/airflow/dags/sample_dag.py                           1           0  0.22s           2022-08-06T16:36:30
================================================================================
[2022-08-06 16:37:30,675] {manager.py:803} INFO - 
================================================================================
DAG File Processing Stats

File Path                        PID    Runtime      # DAGs    # Errors  Last Runtime    Last Run
-------------------------------  -----  ---------  --------  ----------  --------------  -------------------
/opt/airflow/dags/sample_dag.py                           1           0  0.21s           2022-08-06T16:37:00
================================================================================
[2022-08-06 16:38:00,946] {manager.py:803} INFO - 
================================================================================
DAG File Processing Stats

File Path                        PID    Runtime      # DAGs    # Errors  Last Runtime    Last Run
-------------------------------  -----  ---------  --------  ----------  --------------  -------------------
/opt/airflow/dags/sample_dag.py                           1           0  0.24s           2022-08-06T16:37:31
================================================================================
[2022-08-06 16:38:31,262] {manager.py:803} INFO - 
================================================================================
DAG File Processing Stats

File Path                        PID    Runtime      # DAGs    # Errors  Last Runtime    Last Run
-------------------------------  -----  ---------  --------  ----------  --------------  -------------------
/opt/airflow/dags/sample_dag.py                           1           0  0.14s           2022-08-06T16:38:01
================================================================================
[2022-08-06 16:39:01,467] {manager.py:803} INFO - 
================================================================================
DAG File Processing Stats

File Path                        PID    Runtime      # DAGs    # Errors  Last Runtime    Last Run
-------------------------------  -----  ---------  --------  ----------  --------------  -------------------
/opt/airflow/dags/sample_dag.py                           1           0  0.23s           2022-08-06T16:38:31
================================================================================
