[2022-08-06 16:30:41,838] {taskinstance.py:1159} INFO - Dependencies all met for <TaskInstance: first_sample_dag.print_hello_world scheduled__2022-07-17T00:00:00+00:00 [queued]>
[2022-08-06 16:30:41,875] {taskinstance.py:1159} INFO - Dependencies all met for <TaskInstance: first_sample_dag.print_hello_world scheduled__2022-07-17T00:00:00+00:00 [queued]>
[2022-08-06 16:30:41,875] {taskinstance.py:1356} INFO - 
--------------------------------------------------------------------------------
[2022-08-06 16:30:41,875] {taskinstance.py:1357} INFO - Starting attempt 1 of 1
[2022-08-06 16:30:41,875] {taskinstance.py:1358} INFO - 
--------------------------------------------------------------------------------
[2022-08-06 16:30:41,940] {taskinstance.py:1377} INFO - Executing <Task(BashOperator): print_hello_world> on 2022-07-17 00:00:00+00:00
[2022-08-06 16:30:41,955] {standard_task_runner.py:52} INFO - Started process 360 to run task
[2022-08-06 16:30:41,970] {standard_task_runner.py:79} INFO - Running: ['***', 'tasks', 'run', 'first_sample_dag', 'print_hello_world', 'scheduled__2022-07-17T00:00:00+00:00', '--job-id', '52', '--raw', '--subdir', 'DAGS_FOLDER/sample_dag.py', '--cfg-path', '/tmp/tmpn_oe9cri', '--error-file', '/tmp/tmplor8s_rq']
[2022-08-06 16:30:41,973] {standard_task_runner.py:80} INFO - Job 52: Subtask print_hello_world
[2022-08-06 16:30:42,305] {task_command.py:369} INFO - Running <TaskInstance: first_sample_dag.print_hello_world scheduled__2022-07-17T00:00:00+00:00 [running]> on host ea9e01c3b28c
[2022-08-06 16:30:42,713] {taskinstance.py:1571} INFO - Exporting the following env vars:
AIRFLOW_CTX_DAG_OWNER=***
AIRFLOW_CTX_DAG_ID=first_sample_dag
AIRFLOW_CTX_TASK_ID=print_hello_world
AIRFLOW_CTX_EXECUTION_DATE=2022-07-17T00:00:00+00:00
AIRFLOW_CTX_TRY_NUMBER=1
AIRFLOW_CTX_DAG_RUN_ID=scheduled__2022-07-17T00:00:00+00:00
[2022-08-06 16:30:42,729] {subprocess.py:62} INFO - Tmp dir root location: 
 /tmp
[2022-08-06 16:30:42,745] {subprocess.py:74} INFO - Running command: ['bash', '-c', 'echo "HelloWorld!"']
[2022-08-06 16:30:42,797] {subprocess.py:85} INFO - Output:
[2022-08-06 16:30:42,808] {subprocess.py:92} INFO - HelloWorld!
[2022-08-06 16:30:42,808] {subprocess.py:96} INFO - Command exited with return code 0
[2022-08-06 16:30:42,919] {taskinstance.py:1400} INFO - Marking task as SUCCESS. dag_id=first_sample_dag, task_id=print_hello_world, execution_date=20220717T000000, start_date=20220806T163041, end_date=20220806T163042
[2022-08-06 16:30:43,086] {local_task_job.py:156} INFO - Task exited with return code 0
[2022-08-06 16:30:43,301] {local_task_job.py:273} INFO - 1 downstream tasks scheduled from follow-on schedule check
